100407 10:27:15 [Note] Plugin 'FEDERATED' is disabled.
InnoDB: The first specified data file .\ibdata1 did not exist:
InnoDB: a new database to be created!
100407 10:27:15  InnoDB: Setting file .\ibdata1 size to 10 MB
InnoDB: Database physically writes the file full: wait...
100407 10:27:15  InnoDB: Log file .\ib_logfile0 did not exist: new to be created
InnoDB: Setting log file .\ib_logfile0 size to 5 MB
InnoDB: Database physically writes the file full: wait...
100407 10:27:16  InnoDB: Log file .\ib_logfile1 did not exist: new to be created
InnoDB: Setting log file .\ib_logfile1 size to 5 MB
InnoDB: Database physically writes the file full: wait...
InnoDB: Doublewrite buffer not found: creating new
InnoDB: Doublewrite buffer created
InnoDB: Creating foreign key constraint system tables
InnoDB: Foreign key constraint system tables created
100407 10:27:16  InnoDB: Started; log sequence number 0 0
100407 10:27:16 [Note] Event Scheduler: Loaded 0 events
100407 10:27:16 [Note] C:\ARQUIV~1\EASYPH~1.0\MySql\bin\mysqld.exe: ready for connections.
Version: '5.1.37-community-log'  socket: ''  port: 3306  MySQL Community Server (GPL)
100407 10:27:57 [Note] C:\ARQUIV~1\EASYPH~1.0\MySql\bin\mysqld.exe: 'Shutdown' normal

100407 10:27:57 [Note] Event Scheduler: Purging the queue. 0 events
100407 10:27:57  InnoDB: Starting shutdown...
100407 10:27:58  InnoDB: Shutdown completed; log sequence number 0 44233
100407 10:27:58 [Warning] Forcing shutdown of 1 plugins
100407 10:27:58 [Note] C:\ARQUIV~1\EASYPH~1.0\MySql\bin\mysqld.exe: 'Shutdown' completo

100407 10:27:59 [Note] Plugin 'FEDERATED' is disabled.
100407 10:27:59  InnoDB: Started; log sequence number 0 44233
100407 10:27:59 [Note] Event Scheduler: Loaded 0 events
100407 10:27:59 [Note] C:\ARQUIV~1\EASYPH~1.0\MySql\bin\mysqld.exe: ready for connections.
Version: '5.1.37-community-log'  socket: ''  port: 3306  MySQL Community Server (GPL)
100407 10:28:56 [Note] C:\ARQUIV~1\EASYPH~1.0\MySql\bin\mysqld.exe: 'Shutdown' normal

100407 10:28:56 [Note] Event Scheduler: Purging the queue. 0 events
100407 10:28:56  InnoDB: Starting shutdown...
100407 10:28:57  InnoDB: Shutdown completed; log sequence number 0 44233
100407 10:28:57 [Warning] Forcing shutdown of 1 plugins
100407 10:28:57 [Note] C:\ARQUIV~1\EASYPH~1.0\MySql\bin\mysqld.exe: 'Shutdown' completo

100407 10:29:05 [Note] Plugin 'FEDERATED' is disabled.
100407 10:29:05  InnoDB: Started; log sequence number 0 44233
100407 10:29:05 [Note] Event Scheduler: Loaded 0 events
100407 10:29:05 [Note] C:\ARQUIV~1\EASYPH~1.0\MySql\bin\mysqld.exe: ready for connections.
Version: '5.1.37-community-log'  socket: ''  port: 3306  MySQL Community Server (GPL)
100407 10:29:46 [Note] C:\ARQUIV~1\EASYPH~1.0\MySql\bin\mysqld.exe: 'Shutdown' normal

100407 10:29:46 [Note] Event Scheduler: Purging the queue. 0 events
100407 10:29:46  InnoDB: Starting shutdown...
